<?xml version="1.0" encoding="UTF-8"?>
<testng-results ignored="0" total="2" passed="2" failed="0" skipped="0">
  <reporter-output>
  </reporter-output>
  <suite started-at="2022-08-13T16:27:32 IST" name="Default suite" finished-at="2022-08-13T16:27:32 IST" duration-ms="64">
    <groups>
    </groups>
    <test started-at="2022-08-13T16:27:32 IST" name="Default test" finished-at="2022-08-13T16:27:32 IST" duration-ms="64">
      <class name="jenkinprac.Jenkin1">
        <test-method signature="display()[pri:0, instance:jenkinprac.Jenkin1@2cdd0d4b]" started-at="2022-08-13T16:27:32 IST" name="display" finished-at="2022-08-13T16:27:32 IST" duration-ms="11" status="PASS">
          <reporter-output>
          </reporter-output>
        </test-method> <!-- display -->
        <test-method signature="sub()[pri:0, instance:jenkinprac.Jenkin1@2cdd0d4b]" started-at="2022-08-13T16:27:32 IST" name="sub" finished-at="2022-08-13T16:27:32 IST" duration-ms="4" status="PASS">
          <reporter-output>
          </reporter-output>
        </test-method> <!-- sub -->
      </class> <!-- jenkinprac.Jenkin1 -->
    </test> <!-- Default test -->
  </suite> <!-- Default suite -->
</testng-results>
